# JRE version: OpenJDK Runtime Environment (8.0_242-b01) (build 1.8.0_242-release-1644-b01)
# Java VM: OpenJDK 64-Bit Server VM (25.242-b01 mixed mode windows-amd64 compressed oops)
Heap:
 PSYoungGen      total 247296K, used 22502K [0x0000000760000000, 0x0000000770400000, 0x00000007c0000000)
  eden space 232960K, 3% used [0x0000000760000000,0x00000007607fe2e0,0x000000076e380000)
  from space 14336K, 99% used [0x000000076e380000,0x000000076f17b868,0x000000076f180000)
  to   space 15360K, 0% used [0x000000076f180000,0x000000076f180000,0x0000000770080000)
 ParOldGen       total 124928K, used 26798K [0x00000006a0000000, 0x00000006a7a00000, 0x0000000760000000)
  object space 124928K, 21% used [0x00000006a0000000,0x00000006a1a2bb30,0x00000006a7a00000)
 Metaspace       used 50948K, capacity 52824K, committed 53160K, reserved 1095680K
  class space    used 6816K, capacity 7244K, committed 7336K, reserved 1048576K
GC Heap History (10 events):
Event: 6.676 GC heap before
{Heap before GC invocations=5 (full 1):
 PSYoungGen      total 141824K, used 8246K [0x0000000760000000, 0x0000000769500000, 0x00000007c0000000)
  eden space 131072K, 0% used [0x0000000760000000,0x0000000760000000,0x0000000768000000)
  from space 10752K, 76% used [0x0000000768a80000,0x000000076928da00,0x0000000769500000)
  to   space 10752K, 0% used [0x0000000768000000,0x0000000768000000,0x0000000768a80000)
 ParOldGen       total 175104K, used 1555K [0x00000006a0000000, 0x00000006aab00000, 0x0000000760000000)
  object space 175104K, 0% used [0x00000006a0000000,0x00000006a0184f70,0x00000006aab00000)
 Metaspace       used 20537K, capacity 21242K, committed 21296K, reserved 1067008K
  class space    used 2877K, capacity 3099K, committed 3120K, reserved 1048576K
Event: 6.730 GC heap after
Heap after GC invocations=5 (full 1):
 PSYoungGen      total 141824K, used 0K [0x0000000760000000, 0x0000000769500000, 0x00000007c0000000)
  eden space 131072K, 0% used [0x0000000760000000,0x0000000760000000,0x0000000768000000)
  from space 10752K, 0% used [0x0000000768a80000,0x0000000768a80000,0x0000000769500000)
  to   space 10752K, 0% used [0x0000000768000000,0x0000000768000000,0x0000000768a80000)
 ParOldGen       total 88064K, used 8151K [0x00000006a0000000, 0x00000006a5600000, 0x0000000760000000)
  object space 88064K, 9% used [0x00000006a0000000,0x00000006a07f5c50,0x00000006a5600000)
 Metaspace       used 20537K, capacity 21242K, committed 21296K, reserved 1067008K
  class space    used 2877K, capacity 3099K, committed 3120K, reserved 1048576K
}
Event: 11.527 GC heap before
{Heap before GC invocations=6 (full 1):
 PSYoungGen      total 141824K, used 131072K [0x0000000760000000, 0x0000000769500000, 0x00000007c0000000)
  eden space 131072K, 100% used [0x0000000760000000,0x0000000768000000,0x0000000768000000)
  from space 10752K, 0% used [0x0000000768a80000,0x0000000768a80000,0x0000000769500000)
  to   space 10752K, 0% used [0x0000000768000000,0x0000000768000000,0x0000000768a80000)
 ParOldGen       total 88064K, used 8151K [0x00000006a0000000, 0x00000006a5600000, 0x0000000760000000)
  object space 88064K, 9% used [0x00000006a0000000,0x00000006a07f5c50,0x00000006a5600000)
 Metaspace       used 32048K, capacity 32938K, committed 33072K, reserved 1077248K
  class space    used 4325K, capacity 4587K, committed 4656K, reserved 1048576K
Event: 11.545 GC heap after
Heap after GC invocations=6 (full 1):
 PSYoungGen      total 141824K, used 10743K [0x0000000760000000, 0x0000000770080000, 0x00000007c0000000)
  eden space 131072K, 0% used [0x0000000760000000,0x0000000760000000,0x0000000768000000)
  from space 10752K, 99% used [0x0000000768000000,0x0000000768a7dc28,0x0000000768a80000)
  to   space 15360K, 0% used [0x000000076f180000,0x000000076f180000,0x0000000770080000)
 ParOldGen       total 88064K, used 10240K [0x00000006a0000000, 0x00000006a5600000, 0x0000000760000000)
  object space 88064K, 11% used [0x00000006a0000000,0x00000006a0a001e8,0x00000006a5600000)
 Metaspace       used 32048K, capacity 32938K, committed 33072K, reserved 1077248K
  class space    used 4325K, capacity 4587K, committed 4656K, reserved 1048576K
}
Event: 12.224 GC heap before
{Heap before GC invocations=7 (full 1):
 PSYoungGen      total 141824K, used 53429K [0x0000000760000000, 0x0000000770080000, 0x00000007c0000000)
  eden space 131072K, 32% used [0x0000000760000000,0x00000007629afb50,0x0000000768000000)
  from space 10752K, 99% used [0x0000000768000000,0x0000000768a7dc28,0x0000000768a80000)
  to   space 15360K, 0% used [0x000000076f180000,0x000000076f180000,0x0000000770080000)
 ParOldGen       total 88064K, used 10240K [0x00000006a0000000, 0x00000006a5600000, 0x0000000760000000)
  object space 88064K, 11% used [0x00000006a0000000,0x00000006a0a001e8,0x00000006a5600000)
 Metaspace       used 34351K, capacity 35394K, committed 35496K, reserved 1079296K
  class space    used 4660K, capacity 4945K, committed 5032K, reserved 1048576K
Event: 12.266 GC heap after
Heap after GC invocations=7 (full 1):
 PSYoungGen      total 248320K, used 9505K [0x0000000760000000, 0x0000000770400000, 0x00000007c0000000)
  eden space 232960K, 0% used [0x0000000760000000,0x0000000760000000,0x000000076e380000)
  from space 15360K, 61% used [0x000000076f180000,0x000000076fac8478,0x0000000770080000)
  to   space 14336K, 0% used [0x000000076e380000,0x000000076e380000,0x000000076f180000)
 ParOldGen       total 88064K, used 10248K [0x00000006a0000000, 0x00000006a5600000, 0x0000000760000000)
  object space 88064K, 11% used [0x00000006a0000000,0x00000006a0a021e8,0x00000006a5600000)
 Metaspace       used 34351K, capacity 35394K, committed 35496K, reserved 1079296K
  class space    used 4660K, capacity 4945K, committed 5032K, reserved 1048576K
}
Event: 12.266 GC heap before
{Heap before GC invocations=8 (full 2):
 PSYoungGen      total 248320K, used 9505K [0x0000000760000000, 0x0000000770400000, 0x00000007c0000000)
  eden space 232960K, 0% used [0x0000000760000000,0x0000000760000000,0x000000076e380000)
  from space 15360K, 61% used [0x000000076f180000,0x000000076fac8478,0x0000000770080000)
  to   space 14336K, 0% used [0x000000076e380000,0x000000076e380000,0x000000076f180000)
 ParOldGen       total 88064K, used 10248K [0x00000006a0000000, 0x00000006a5600000, 0x0000000760000000)
  object space 88064K, 11% used [0x00000006a0000000,0x00000006a0a021e8,0x00000006a5600000)
 Metaspace       used 34351K, capacity 35394K, committed 35496K, reserved 1079296K
  class space    used 4660K, capacity 4945K, committed 5032K, reserved 1048576K
Event: 12.422 GC heap after
Heap after GC invocations=8 (full 2):
 PSYoungGen      total 248320K, used 0K [0x0000000760000000, 0x0000000770400000, 0x00000007c0000000)
  eden space 232960K, 0% used [0x0000000760000000,0x0000000760000000,0x000000076e380000)
  from space 15360K, 0% used [0x000000076f180000,0x000000076f180000,0x0000000770080000)
  to   space 14336K, 0% used [0x000000076e380000,0x000000076e380000,0x000000076f180000)
 ParOldGen       total 124928K, used 16749K [0x00000006a0000000, 0x00000006a7a00000, 0x0000000760000000)
  object space 124928K, 13% used [0x00000006a0000000,0x00000006a105b758,0x00000006a7a00000)
 Metaspace       used 34351K, capacity 35394K, committed 35496K, reserved 1079296K
  class space    used 4660K, capacity 4945K, committed 5032K, reserved 1048576K
}
Event: 17.180 GC heap before
{Heap before GC invocations=9 (full 2):
 PSYoungGen      total 248320K, used 232960K [0x0000000760000000, 0x0000000770400000, 0x00000007c0000000)
  eden space 232960K, 100% used [0x0000000760000000,0x000000076e380000,0x000000076e380000)
  from space 15360K, 0% used [0x000000076f180000,0x000000076f180000,0x0000000770080000)
  to   space 14336K, 0% used [0x000000076e380000,0x000000076e380000,0x000000076f180000)
 ParOldGen       total 124928K, used 16749K [0x00000006a0000000, 0x00000006a7a00000, 0x0000000760000000)
  object space 124928K, 13% used [0x00000006a0000000,0x00000006a105b758,0x00000006a7a00000)
 Metaspace       used 50658K, capacity 52606K, committed 52904K, reserved 1095680K
  class space    used 6774K, capacity 7237K, committed 7336K, reserved 1048576K
Event: 17.240 GC heap after
Heap after GC invocations=9 (full 2):
 PSYoungGen      total 247296K, used 14318K [0x0000000760000000, 0x0000000770400000, 0x00000007c0000000)
  eden space 232960K, 0% used [0x0000000760000000,0x0000000760000000,0x000000076e380000)
  from space 14336K, 99% used [0x000000076e380000,0x000000076f17b868,0x000000076f180000)
  to   space 15360K, 0% used [0x000000076f180000,0x000000076f180000,0x0000000770080000)
 ParOldGen       total 124928K, used 26798K [0x00000006a0000000, 0x00000006a7a00000, 0x0000000760000000)
  object space 124928K, 21% used [0x00000006a0000000,0x00000006a1a2bb30,0x00000006a7a00000)
 Metaspace       used 50658K, capacity 52606K, committed 52904K, reserved 1095680K
  class space    used 6774K, capacity 7237K, committed 7336K, reserved 1048576K
}

